superwechat/build/outputs/logs/manifest-merger-debug-report.txt
-- Merging decision tree log ---
manifest
ADDED from superwechat\superwechat\AndroidManifest.xml:2:1-505:12
	package
		ADDED from superwechat\superwechat\AndroidManifest.xml:4:5-34
		INJECTED from superwechat\superwechat\AndroidManifest.xml
		INJECTED from superwechat\superwechat\AndroidManifest.xml
	android:versionName
		ADDED from superwechat\superwechat\AndroidManifest.xml:6:5-32
		INJECTED from superwechat\superwechat\AndroidManifest.xml
		INJECTED from superwechat\superwechat\AndroidManifest.xml
	xmlns:tools
		ADDED from superwechat\superwechat\AndroidManifest.xml:3:5-51
	android:versionCode
		ADDED from superwechat\superwechat\AndroidManifest.xml:5:5-29
		INJECTED from superwechat\superwechat\AndroidManifest.xml
		INJECTED from superwechat\superwechat\AndroidManifest.xml
	xmlns:android
		ADDED from superwechat\superwechat\AndroidManifest.xml:2:11-69
uses-sdk
ADDED from superwechat\superwechat\AndroidManifest.xml:8:5-11:59
MERGED from [com.android.support:multidex:1.0.1] AndroidManifest.xml:18:5-42
MERGED from [superwechat:redpacketlibrary:unspecified] AndroidManifest.xml:7:5-9:41
MERGED from [superwechat:EaseUI:unspecified] AndroidManifest.xml:7:5-9:41
MERGED from [com.android.support:appcompat-v7:23.4.0] AndroidManifest.xml:21:5-23:78
MERGED from [com.android.support:animated-vector-drawable:23.4.0] AndroidManifest.xml:5:5-44
MERGED from [com.android.support:support-vector-drawable:23.4.0] AndroidManifest.xml:5:5-43
MERGED from [com.jakewharton:butterknife:8.4.0] AndroidManifest.xml:5:5-43
	tools:overrideLibrary
		ADDED from superwechat\superwechat\AndroidManifest.xml:11:9-56
	android:targetSdkVersion
		ADDED from superwechat\superwechat\AndroidManifest.xml:10:9-38
		INJECTED from superwechat\superwechat\AndroidManifest.xml
		INJECTED from superwechat\superwechat\AndroidManifest.xml
	android:minSdkVersion
		ADDED from superwechat\superwechat\AndroidManifest.xml:9:9-35
		INJECTED from superwechat\superwechat\AndroidManifest.xml
		INJECTED from superwechat\superwechat\AndroidManifest.xml
uses-permission#android.permission.VIBRATE
ADDED from superwechat\superwechat\AndroidManifest.xml:13:5-66
	android:name
		ADDED from superwechat\superwechat\AndroidManifest.xml:13:22-63
uses-permission#android.permission.INTERNET
ADDED from superwechat\superwechat\AndroidManifest.xml:14:5-67
	android:name
		ADDED from superwechat\superwechat\AndroidManifest.xml:14:22-64
uses-permission#android.permission.RECORD_AUDIO
ADDED from superwechat\superwechat\AndroidManifest.xml:15:5-71
	android:name
		ADDED from superwechat\superwechat\AndroidManifest.xml:15:22-68
uses-permission#android.permission.CAMERA
ADDED from superwechat\superwechat\AndroidManifest.xml:16:5-65
	android:name
		ADDED from superwechat\superwechat\AndroidManifest.xml:16:22-62
uses-permission#android.permission.ACCESS_NETWORK_STATE
ADDED from superwechat\superwechat\AndroidManifest.xml:17:5-79
	android:name
		ADDED from superwechat\superwechat\AndroidManifest.xml:17:22-76
uses-permission#android.permission.WRITE_EXTERNAL_STORAGE
ADDED from superwechat\superwechat\AndroidManifest.xml:18:5-81
	android:name
		ADDED from superwechat\superwechat\AndroidManifest.xml:18:22-78
uses-permission#android.permission.MOUNT_UNMOUNT_FILESYSTEMS
ADDED from superwechat\superwechat\AndroidManifest.xml:19:5-84
	android:name
		ADDED from superwechat\superwechat\AndroidManifest.xml:19:22-81
uses-permission#android.permission.ACCESS_FINE_LOCATION
ADDED from superwechat\superwechat\AndroidManifest.xml:20:5-79
	android:name
		ADDED from superwechat\superwechat\AndroidManifest.xml:20:22-76
uses-permission#android.permission.GET_TASKS
ADDED from superwechat\superwechat\AndroidManifest.xml:21:5-68
	android:name
		ADDED from superwechat\superwechat\AndroidManifest.xml:21:22-65
uses-permission#android.permission.ACCESS_WIFI_STATE
ADDED from superwechat\superwechat\AndroidManifest.xml:22:5-76
	android:name
		ADDED from superwechat\superwechat\AndroidManifest.xml:22:22-73
uses-permission#android.permission.CHANGE_WIFI_STATE
ADDED from superwechat\superwechat\AndroidManifest.xml:23:5-76
	android:name
		ADDED from superwechat\superwechat\AndroidManifest.xml:23:22-73
uses-permission#android.permission.WAKE_LOCK
ADDED from superwechat\superwechat\AndroidManifest.xml:24:5-68
	android:name
		ADDED from superwechat\superwechat\AndroidManifest.xml:24:22-65
uses-permission#android.permission.MODIFY_AUDIO_SETTINGS
ADDED from superwechat\superwechat\AndroidManifest.xml:25:5-80
	android:name
		ADDED from superwechat\superwechat\AndroidManifest.xml:25:22-77
uses-permission#android.permission.READ_PHONE_STATE
ADDED from superwechat\superwechat\AndroidManifest.xml:26:5-75
	android:name
		ADDED from superwechat\superwechat\AndroidManifest.xml:26:22-72
uses-permission#android.permission.RECEIVE_BOOT_COMPLETED
ADDED from superwechat\superwechat\AndroidManifest.xml:27:5-81
	android:name
		ADDED from superwechat\superwechat\AndroidManifest.xml:27:22-78
uses-permission#android.permission.USE_CREDENTIALS
ADDED from superwechat\superwechat\AndroidManifest.xml:28:5-74
	android:name
		ADDED from superwechat\superwechat\AndroidManifest.xml:28:22-71
uses-permission#com.android.launcher.permission.READ_SETTINGS
ADDED from superwechat\superwechat\AndroidManifest.xml:29:5-85
	android:name
		ADDED from superwechat\superwechat\AndroidManifest.xml:29:22-82
uses-permission#android.permission.BROADCAST_STICKY
ADDED from superwechat\superwechat\AndroidManifest.xml:30:5-75
	android:name
		ADDED from superwechat\superwechat\AndroidManifest.xml:30:22-72
uses-permission#android.permission.WRITE_SETTINGS
ADDED from superwechat\superwechat\AndroidManifest.xml:31:5-73
	android:name
		ADDED from superwechat\superwechat\AndroidManifest.xml:31:22-70
uses-permission#android.permission.REQUEST_IGNORE_BATTERY_OPTIMIZATIONS
ADDED from superwechat\superwechat\AndroidManifest.xml:32:5-95
	android:name
		ADDED from superwechat\superwechat\AndroidManifest.xml:32:22-92
uses-permission#com.google.android.c2dm.permission.RECEIVE
ADDED from superwechat\superwechat\AndroidManifest.xml:35:5-82
	android:name
		ADDED from superwechat\superwechat\AndroidManifest.xml:35:22-79
permission#com.hyphenate.superwechat.permission.C2D_MESSAGE
ADDED from superwechat\superwechat\AndroidManifest.xml:37:5-39:47
	android:protectionLevel
		ADDED from superwechat\superwechat\AndroidManifest.xml:39:9-44
	android:name
		ADDED from superwechat\superwechat\AndroidManifest.xml:38:9-72
uses-permission#cn.ucai.superwechat.permission.C2D_MESSAGE
ADDED from superwechat\superwechat\AndroidManifest.xml:41:5-82
	android:name
		ADDED from superwechat\superwechat\AndroidManifest.xml:41:22-79
permission#com.hyphenate.superwechat.permission.MIPUSH_RECEIVE
ADDED from superwechat\superwechat\AndroidManifest.xml:43:5-45:55
	android:protectionLevel
		ADDED from superwechat\superwechat\AndroidManifest.xml:45:9-52
	android:name
		ADDED from superwechat\superwechat\AndroidManifest.xml:44:9-75
uses-permission#cn.ucai.superwechat.permission.MIPUSH_RECEIVE
ADDED from superwechat\superwechat\AndroidManifest.xml:47:5-85
	android:name
		ADDED from superwechat\superwechat\AndroidManifest.xml:47:22-82
uses-permission#android.permission.READ_EXTERNAL_STORAGE
ADDED from superwechat\superwechat\AndroidManifest.xml:49:5-80
	android:name
		ADDED from superwechat\superwechat\AndroidManifest.xml:49:22-77
application
ADDED from superwechat\superwechat\AndroidManifest.xml:51:5-503:19
MERGED from [com.android.support:appcompat-v7:23.4.0] AndroidManifest.xml:25:5-20
MERGED from [com.android.support:animated-vector-drawable:23.4.0] AndroidManifest.xml:7:5-20
MERGED from [com.android.support:support-vector-drawable:23.4.0] AndroidManifest.xml:7:5-20
	android:label
		ADDED from superwechat\superwechat\AndroidManifest.xml:55:9-44
	android:allowBackup
		ADDED from superwechat\superwechat\AndroidManifest.xml:53:9-35
	android:icon
		ADDED from superwechat\superwechat\AndroidManifest.xml:54:9-43
	android:name
		ADDED from superwechat\superwechat\AndroidManifest.xml:52:9-47
activity#cn.ucai.superwechat.ui.MainActivity
ADDED from superwechat\superwechat\AndroidManifest.xml:56:9-61:55
	android:screenOrientation
		ADDED from superwechat\superwechat\AndroidManifest.xml:59:13-49
	android:launchMode
		ADDED from superwechat\superwechat\AndroidManifest.xml:58:13-44
	android:windowSoftInputMode
		ADDED from superwechat\superwechat\AndroidManifest.xml:61:13-52
	android:theme
		ADDED from superwechat\superwechat\AndroidManifest.xml:60:13-52
	android:name
		ADDED from superwechat\superwechat\AndroidManifest.xml:57:13-44
activity#cn.ucai.superwechat.ui.SplashActivity
ADDED from superwechat\superwechat\AndroidManifest.xml:64:9-73:20
	android:screenOrientation
		ADDED from superwechat\superwechat\AndroidManifest.xml:66:13-49
	android:theme
		ADDED from superwechat\superwechat\AndroidManifest.xml:67:13-52
	android:name
		ADDED from superwechat\superwechat\AndroidManifest.xml:65:13-46
intent-filter#android.intent.action.MAIN+android.intent.category.LAUNCHER
ADDED from superwechat\superwechat\AndroidManifest.xml:68:13-72:29
action#android.intent.action.MAIN
ADDED from superwechat\superwechat\AndroidManifest.xml:69:17-69
	android:name
		ADDED from superwechat\superwechat\AndroidManifest.xml:69:25-66
category#android.intent.category.LAUNCHER
ADDED from superwechat\superwechat\AndroidManifest.xml:71:17-77
	android:name
		ADDED from superwechat\superwechat\AndroidManifest.xml:71:27-74
activity#cn.ucai.superwechat.ui.LoginActivity
ADDED from superwechat\superwechat\AndroidManifest.xml:76:9-80:71
	android:screenOrientation
		ADDED from superwechat\superwechat\AndroidManifest.xml:78:13-49
	android:windowSoftInputMode
		ADDED from superwechat\superwechat\AndroidManifest.xml:80:13-68
	android:theme
		ADDED from superwechat\superwechat\AndroidManifest.xml:79:13-52
	android:name
		ADDED from superwechat\superwechat\AndroidManifest.xml:77:13-45
activity#cn.ucai.superwechat.ui.RegisterActivity
ADDED from superwechat\superwechat\AndroidManifest.xml:83:9-87:71
	android:screenOrientation
		ADDED from superwechat\superwechat\AndroidManifest.xml:85:13-49
	android:windowSoftInputMode
		ADDED from superwechat\superwechat\AndroidManifest.xml:87:13-68
	android:theme
		ADDED from superwechat\superwechat\AndroidManifest.xml:86:13-52
	android:name
		ADDED from superwechat\superwechat\AndroidManifest.xml:84:13-48
activity#cn.ucai.superwechat.ui.ChatActivity
ADDED from superwechat\superwechat\AndroidManifest.xml:89:9-94:58
	android:screenOrientation
		ADDED from superwechat\superwechat\AndroidManifest.xml:92:13-49
	android:launchMode
		ADDED from superwechat\superwechat\AndroidManifest.xml:91:13-44
	android:windowSoftInputMode
		ADDED from superwechat\superwechat\AndroidManifest.xml:94:13-55
	android:theme
		ADDED from superwechat\superwechat\AndroidManifest.xml:93:13-52
	android:name
		ADDED from superwechat\superwechat\AndroidManifest.xml:90:13-44
activity#cn.ucai.superwechat.ui.AddContactActivity
ADDED from superwechat\superwechat\AndroidManifest.xml:96:9-100:58
	android:screenOrientation
		ADDED from superwechat\superwechat\AndroidManifest.xml:98:13-49
	android:windowSoftInputMode
		ADDED from superwechat\superwechat\AndroidManifest.xml:100:13-55
	android:theme
		ADDED from superwechat\superwechat\AndroidManifest.xml:99:13-52
	android:name
		ADDED from superwechat\superwechat\AndroidManifest.xml:97:13-50
activity#cn.ucai.superwechat.ui.GroupDetailsActivity
ADDED from superwechat\superwechat\AndroidManifest.xml:102:9-105:55
	android:screenOrientation
		ADDED from superwechat\superwechat\AndroidManifest.xml:104:13-49
	android:theme
		ADDED from superwechat\superwechat\AndroidManifest.xml:105:13-52
	android:name
		ADDED from superwechat\superwechat\AndroidManifest.xml:103:13-52
activity#cn.ucai.superwechat.ui.GroupsActivity
ADDED from superwechat\superwechat\AndroidManifest.xml:107:9-111:55
	android:screenOrientation
		ADDED from superwechat\superwechat\AndroidManifest.xml:109:13-49
	android:windowSoftInputMode
		ADDED from superwechat\superwechat\AndroidManifest.xml:111:13-52
	android:theme
		ADDED from superwechat\superwechat\AndroidManifest.xml:110:13-52
	android:name
		ADDED from superwechat\superwechat\AndroidManifest.xml:108:13-46
activity#cn.ucai.superwechat.ui.ChatRoomDetailsActivity
ADDED from superwechat\superwechat\AndroidManifest.xml:114:9-117:55
	android:screenOrientation
		ADDED from superwechat\superwechat\AndroidManifest.xml:116:13-49
	android:theme
		ADDED from superwechat\superwechat\AndroidManifest.xml:117:13-52
	android:name
		ADDED from superwechat\superwechat\AndroidManifest.xml:115:13-55
activity#cn.ucai.superwechat.ui.NewGroupActivity
ADDED from superwechat\superwechat\AndroidManifest.xml:120:9-124:55
	android:screenOrientation
		ADDED from superwechat\superwechat\AndroidManifest.xml:122:13-49
	android:windowSoftInputMode
		ADDED from superwechat\superwechat\AndroidManifest.xml:124:13-52
	android:theme
		ADDED from superwechat\superwechat\AndroidManifest.xml:123:13-52
	android:name
		ADDED from superwechat\superwechat\AndroidManifest.xml:121:13-48
activity#cn.ucai.superwechat.ui.ExitGroupDialog
ADDED from superwechat\superwechat\AndroidManifest.xml:126:9-129:58
	android:screenOrientation
		ADDED from superwechat\superwechat\AndroidManifest.xml:128:13-49
	android:theme
		ADDED from superwechat\superwechat\AndroidManifest.xml:129:13-55
	android:name
		ADDED from superwechat\superwechat\AndroidManifest.xml:127:13-47
activity#cn.ucai.superwechat.ui.GroupPickContactsActivity
ADDED from superwechat\superwechat\AndroidManifest.xml:131:9-135:55
	android:screenOrientation
		ADDED from superwechat\superwechat\AndroidManifest.xml:133:13-49
	android:windowSoftInputMode
		ADDED from superwechat\superwechat\AndroidManifest.xml:135:13-52
	android:theme
		ADDED from superwechat\superwechat\AndroidManifest.xml:134:13-52
	android:name
		ADDED from superwechat\superwechat\AndroidManifest.xml:132:13-57
activity#cn.ucai.superwechat.ui.PickAtUserActivity
ADDED from superwechat\superwechat\AndroidManifest.xml:136:9-139:55
	android:screenOrientation
		ADDED from superwechat\superwechat\AndroidManifest.xml:138:13-49
	android:theme
		ADDED from superwechat\superwechat\AndroidManifest.xml:139:13-52
	android:name
		ADDED from superwechat\superwechat\AndroidManifest.xml:137:13-50
activity#com.hyphenate.easeui.ui.EaseBaiduMapActivity
ADDED from superwechat\superwechat\AndroidManifest.xml:141:9-144:55
	android:screenOrientation
		ADDED from superwechat\superwechat\AndroidManifest.xml:143:13-49
	android:theme
		ADDED from superwechat\superwechat\AndroidManifest.xml:144:13-52
	android:name
		ADDED from superwechat\superwechat\AndroidManifest.xml:142:13-72
activity#cn.ucai.superwechat.ui.NewFriendsMsgActivity
ADDED from superwechat\superwechat\AndroidManifest.xml:147:9-150:55
	android:screenOrientation
		ADDED from superwechat\superwechat\AndroidManifest.xml:149:13-49
	android:theme
		ADDED from superwechat\superwechat\AndroidManifest.xml:150:13-52
	android:name
		ADDED from superwechat\superwechat\AndroidManifest.xml:148:13-53
activity#cn.ucai.superwechat.ui.ForwardMessageActivity
ADDED from superwechat\superwechat\AndroidManifest.xml:152:9-156:55
	android:screenOrientation
		ADDED from superwechat\superwechat\AndroidManifest.xml:154:13-49
	android:windowSoftInputMode
		ADDED from superwechat\superwechat\AndroidManifest.xml:156:13-52
	android:theme
		ADDED from superwechat\superwechat\AndroidManifest.xml:155:13-52
	android:name
		ADDED from superwechat\superwechat\AndroidManifest.xml:153:13-54
activity#cn.ucai.superwechat.ui.ContextMenuActivity
ADDED from superwechat\superwechat\AndroidManifest.xml:158:9-161:52
	android:screenOrientation
		ADDED from superwechat\superwechat\AndroidManifest.xml:160:13-49
	android:theme
		ADDED from superwechat\superwechat\AndroidManifest.xml:161:13-49
	android:name
		ADDED from superwechat\superwechat\AndroidManifest.xml:159:13-51
activity#com.hyphenate.easeui.ui.EaseShowBigImageActivity
ADDED from superwechat\superwechat\AndroidManifest.xml:163:9-166:55
	android:screenOrientation
		ADDED from superwechat\superwechat\AndroidManifest.xml:165:13-49
	android:theme
		ADDED from superwechat\superwechat\AndroidManifest.xml:166:13-52
	android:name
		ADDED from superwechat\superwechat\AndroidManifest.xml:164:13-76
activity#com.hyphenate.easeui.ui.EaseShowNormalFileActivity
ADDED from superwechat\superwechat\AndroidManifest.xml:168:9-171:55
	android:screenOrientation
		ADDED from superwechat\superwechat\AndroidManifest.xml:170:13-49
	android:theme
		ADDED from superwechat\superwechat\AndroidManifest.xml:171:13-52
	android:name
		ADDED from superwechat\superwechat\AndroidManifest.xml:169:13-78
activity#cn.ucai.superwechat.ui.BlacklistActivity
ADDED from superwechat\superwechat\AndroidManifest.xml:173:9-176:55
	android:screenOrientation
		ADDED from superwechat\superwechat\AndroidManifest.xml:175:13-49
	android:theme
		ADDED from superwechat\superwechat\AndroidManifest.xml:176:13-52
	android:name
		ADDED from superwechat\superwechat\AndroidManifest.xml:174:13-49
activity#cn.ucai.superwechat.ui.PublicGroupsActivity
ADDED from superwechat\superwechat\AndroidManifest.xml:179:9-183:55
	android:screenOrientation
		ADDED from superwechat\superwechat\AndroidManifest.xml:181:13-49
	android:windowSoftInputMode
		ADDED from superwechat\superwechat\AndroidManifest.xml:183:13-52
	android:theme
		ADDED from superwechat\superwechat\AndroidManifest.xml:182:13-52
	android:name
		ADDED from superwechat\superwechat\AndroidManifest.xml:180:13-52
activity#cn.ucai.superwechat.ui.PublicChatRoomsActivity
ADDED from superwechat\superwechat\AndroidManifest.xml:184:9-188:55
	android:screenOrientation
		ADDED from superwechat\superwechat\AndroidManifest.xml:186:13-49
	android:windowSoftInputMode
		ADDED from superwechat\superwechat\AndroidManifest.xml:188:13-52
	android:theme
		ADDED from superwechat\superwechat\AndroidManifest.xml:187:13-52
	android:name
		ADDED from superwechat\superwechat\AndroidManifest.xml:185:13-55
activity#cn.ucai.superwechat.ui.VoiceCallActivity
ADDED from superwechat\superwechat\AndroidManifest.xml:191:9-195:51
	android:screenOrientation
		ADDED from superwechat\superwechat\AndroidManifest.xml:194:13-49
	android:launchMode
		ADDED from superwechat\superwechat\AndroidManifest.xml:193:13-44
	android:theme
		ADDED from superwechat\superwechat\AndroidManifest.xml:195:13-48
	android:name
		ADDED from superwechat\superwechat\AndroidManifest.xml:192:13-49
activity#cn.ucai.superwechat.ui.VideoCallActivity
ADDED from superwechat\superwechat\AndroidManifest.xml:197:9-202:55
	android:screenOrientation
		ADDED from superwechat\superwechat\AndroidManifest.xml:201:13-49
	android:launchMode
		ADDED from superwechat\superwechat\AndroidManifest.xml:200:13-44
	android:configChanges
		ADDED from superwechat\superwechat\AndroidManifest.xml:199:13-74
	android:theme
		ADDED from superwechat\superwechat\AndroidManifest.xml:202:13-52
	android:name
		ADDED from superwechat\superwechat\AndroidManifest.xml:198:13-49
activity#cn.ucai.superwechat.ui.GroupSimpleDetailActivity
ADDED from superwechat\superwechat\AndroidManifest.xml:204:9-207:55
	android:screenOrientation
		ADDED from superwechat\superwechat\AndroidManifest.xml:206:13-49
	android:theme
		ADDED from superwechat\superwechat\AndroidManifest.xml:207:13-52
	android:name
		ADDED from superwechat\superwechat\AndroidManifest.xml:205:13-57
activity#cn.ucai.superwechat.ui.GroupBlacklistActivity
ADDED from superwechat\superwechat\AndroidManifest.xml:209:9-212:55
	android:screenOrientation
		ADDED from superwechat\superwechat\AndroidManifest.xml:211:13-49
	android:theme
		ADDED from superwechat\superwechat\AndroidManifest.xml:212:13-52
	android:name
		ADDED from superwechat\superwechat\AndroidManifest.xml:210:13-54
activity#cn.ucai.superwechat.ui.GroupSearchMessageActivity
ADDED from superwechat\superwechat\AndroidManifest.xml:213:9-217:58
	android:screenOrientation
		ADDED from superwechat\superwechat\AndroidManifest.xml:215:13-49
	android:windowSoftInputMode
		ADDED from superwechat\superwechat\AndroidManifest.xml:217:13-55
	android:theme
		ADDED from superwechat\superwechat\AndroidManifest.xml:216:13-52
	android:name
		ADDED from superwechat\superwechat\AndroidManifest.xml:214:13-58
activity#cn.ucai.superwechat.ui.PublicGroupsSeachActivity
ADDED from superwechat\superwechat\AndroidManifest.xml:218:9-221:55
	android:screenOrientation
		ADDED from superwechat\superwechat\AndroidManifest.xml:220:13-49
	android:theme
		ADDED from superwechat\superwechat\AndroidManifest.xml:221:13-52
	android:name
		ADDED from superwechat\superwechat\AndroidManifest.xml:219:13-57
activity#cn.ucai.superwechat.ui.EditActivity
ADDED from superwechat\superwechat\AndroidManifest.xml:222:9-226:58
	android:screenOrientation
		ADDED from superwechat\superwechat\AndroidManifest.xml:224:13-49
	android:windowSoftInputMode
		ADDED from superwechat\superwechat\AndroidManifest.xml:226:13-55
	android:theme
		ADDED from superwechat\superwechat\AndroidManifest.xml:225:13-52
	android:name
		ADDED from superwechat\superwechat\AndroidManifest.xml:223:13-44
activity#com.hyphenate.easeui.ui.EaseShowVideoActivity
ADDED from superwechat\superwechat\AndroidManifest.xml:227:9-231:63
	android:screenOrientation
		ADDED from superwechat\superwechat\AndroidManifest.xml:229:13-49
	android:windowSoftInputMode
		ADDED from superwechat\superwechat\AndroidManifest.xml:231:13-60
	android:theme
		ADDED from superwechat\superwechat\AndroidManifest.xml:230:13-52
	android:name
		ADDED from superwechat\superwechat\AndroidManifest.xml:228:13-73
activity#cn.ucai.superwechat.ui.ImageGridActivity
ADDED from superwechat\superwechat\AndroidManifest.xml:233:9-237:63
	android:screenOrientation
		ADDED from superwechat\superwechat\AndroidManifest.xml:235:13-49
	android:windowSoftInputMode
		ADDED from superwechat\superwechat\AndroidManifest.xml:237:13-60
	android:theme
		ADDED from superwechat\superwechat\AndroidManifest.xml:236:13-52
	android:name
		ADDED from superwechat\superwechat\AndroidManifest.xml:234:13-49
activity#cn.ucai.superwechat.ui.RecorderVideoActivity
ADDED from superwechat\superwechat\AndroidManifest.xml:238:9-242:63
	android:screenOrientation
		ADDED from superwechat\superwechat\AndroidManifest.xml:240:13-49
	android:windowSoftInputMode
		ADDED from superwechat\superwechat\AndroidManifest.xml:242:13-60
	android:theme
		ADDED from superwechat\superwechat\AndroidManifest.xml:241:13-52
	android:name
		ADDED from superwechat\superwechat\AndroidManifest.xml:239:13-53
activity#cn.ucai.superwechat.ui.DiagnoseActivity
ADDED from superwechat\superwechat\AndroidManifest.xml:244:9-248:63
	android:screenOrientation
		ADDED from superwechat\superwechat\AndroidManifest.xml:246:13-49
	android:windowSoftInputMode
		ADDED from superwechat\superwechat\AndroidManifest.xml:248:13-60
	android:theme
		ADDED from superwechat\superwechat\AndroidManifest.xml:247:13-52
	android:name
		ADDED from superwechat\superwechat\AndroidManifest.xml:245:13-48
activity#cn.ucai.superwechat.ui.OfflinePushNickActivity
ADDED from superwechat\superwechat\AndroidManifest.xml:251:9-255:63
	android:screenOrientation
		ADDED from superwechat\superwechat\AndroidManifest.xml:253:13-49
	android:windowSoftInputMode
		ADDED from superwechat\superwechat\AndroidManifest.xml:255:13-60
	android:theme
		ADDED from superwechat\superwechat\AndroidManifest.xml:254:13-52
	android:name
		ADDED from superwechat\superwechat\AndroidManifest.xml:252:13-55
activity#cn.ucai.superwechat.ui.RobotsActivity
ADDED from superwechat\superwechat\AndroidManifest.xml:257:9-261:63
	android:screenOrientation
		ADDED from superwechat\superwechat\AndroidManifest.xml:259:13-49
	android:windowSoftInputMode
		ADDED from superwechat\superwechat\AndroidManifest.xml:261:13-60
	android:theme
		ADDED from superwechat\superwechat\AndroidManifest.xml:260:13-52
	android:name
		ADDED from superwechat\superwechat\AndroidManifest.xml:258:13-46
activity#cn.ucai.superwechat.ui.UserProfileActivity
ADDED from superwechat\superwechat\AndroidManifest.xml:263:9-266:55
	android:screenOrientation
		ADDED from superwechat\superwechat\AndroidManifest.xml:265:13-49
	android:theme
		ADDED from superwechat\superwechat\AndroidManifest.xml:266:13-52
	android:name
		ADDED from superwechat\superwechat\AndroidManifest.xml:264:13-51
activity#cn.ucai.superwechat.ui.SetServersActivity
ADDED from superwechat\superwechat\AndroidManifest.xml:267:9-270:55
	android:screenOrientation
		ADDED from superwechat\superwechat\AndroidManifest.xml:269:13-49
	android:theme
		ADDED from superwechat\superwechat\AndroidManifest.xml:270:13-52
	android:name
		ADDED from superwechat\superwechat\AndroidManifest.xml:268:13-50
activity#cn.ucai.superwechat.ui.OfflinePushSettingsActivity
ADDED from superwechat\superwechat\AndroidManifest.xml:271:9-274:55
	android:screenOrientation
		ADDED from superwechat\superwechat\AndroidManifest.xml:273:13-49
	android:theme
		ADDED from superwechat\superwechat\AndroidManifest.xml:274:13-52
	android:name
		ADDED from superwechat\superwechat\AndroidManifest.xml:272:13-59
activity#cn.ucai.superwechat.ui.CallOptionActivity
ADDED from superwechat\superwechat\AndroidManifest.xml:275:9-278:55
	android:screenOrientation
		ADDED from superwechat\superwechat\AndroidManifest.xml:277:13-49
	android:theme
		ADDED from superwechat\superwechat\AndroidManifest.xml:278:13-52
	android:name
		ADDED from superwechat\superwechat\AndroidManifest.xml:276:13-50
activity#com.easemob.redpacketui.ui.activity.RPRedPacketActivity
ADDED from superwechat\superwechat\AndroidManifest.xml:282:9-286:68
	android:screenOrientation
		ADDED from superwechat\superwechat\AndroidManifest.xml:284:13-49
	android:windowSoftInputMode
		ADDED from superwechat\superwechat\AndroidManifest.xml:286:13-65
	android:theme
		ADDED from superwechat\superwechat\AndroidManifest.xml:285:13-52
	android:name
		ADDED from superwechat\superwechat\AndroidManifest.xml:283:13-83
activity#com.easemob.redpacketui.ui.activity.RPDetailActivity
ADDED from superwechat\superwechat\AndroidManifest.xml:288:9-292:55
	android:screenOrientation
		ADDED from superwechat\superwechat\AndroidManifest.xml:290:13-49
	android:windowSoftInputMode
		ADDED from superwechat\superwechat\AndroidManifest.xml:292:13-52
	android:theme
		ADDED from superwechat\superwechat\AndroidManifest.xml:291:13-52
	android:name
		ADDED from superwechat\superwechat\AndroidManifest.xml:289:13-80
activity#com.easemob.redpacketui.ui.activity.RPRecordActivity
ADDED from superwechat\superwechat\AndroidManifest.xml:294:9-298:55
	android:screenOrientation
		ADDED from superwechat\superwechat\AndroidManifest.xml:296:13-49
	android:windowSoftInputMode
		ADDED from superwechat\superwechat\AndroidManifest.xml:298:13-52
	android:theme
		ADDED from superwechat\superwechat\AndroidManifest.xml:297:13-52
	android:name
		ADDED from superwechat\superwechat\AndroidManifest.xml:295:13-80
activity#com.easemob.redpacketui.ui.activity.RPWebViewActivity
ADDED from superwechat\superwechat\AndroidManifest.xml:300:9-304:70
	android:screenOrientation
		ADDED from superwechat\superwechat\AndroidManifest.xml:302:13-49
	android:windowSoftInputMode
		ADDED from superwechat\superwechat\AndroidManifest.xml:304:13-67
	android:theme
		ADDED from superwechat\superwechat\AndroidManifest.xml:303:13-52
	android:name
		ADDED from superwechat\superwechat\AndroidManifest.xml:301:13-81
activity#com.easemob.redpacketui.ui.activity.RPChangeActivity
ADDED from superwechat\superwechat\AndroidManifest.xml:306:9-310:70
	android:screenOrientation
		ADDED from superwechat\superwechat\AndroidManifest.xml:308:13-49
	android:windowSoftInputMode
		ADDED from superwechat\superwechat\AndroidManifest.xml:310:13-67
	android:theme
		ADDED from superwechat\superwechat\AndroidManifest.xml:309:13-52
	android:name
		ADDED from superwechat\superwechat\AndroidManifest.xml:307:13-80
activity#com.easemob.redpacketui.ui.activity.RPBankCardActivity
ADDED from superwechat\superwechat\AndroidManifest.xml:312:9-316:67
	android:screenOrientation
		ADDED from superwechat\superwechat\AndroidManifest.xml:314:13-49
	android:windowSoftInputMode
		ADDED from superwechat\superwechat\AndroidManifest.xml:316:13-64
	android:theme
		ADDED from superwechat\superwechat\AndroidManifest.xml:315:13-52
	android:name
		ADDED from superwechat\superwechat\AndroidManifest.xml:313:13-82
activity#com.easemob.redpacketui.ui.activity.RPGroupMemberActivity
ADDED from superwechat\superwechat\AndroidManifest.xml:318:9-322:67
	android:screenOrientation
		ADDED from superwechat\superwechat\AndroidManifest.xml:320:13-49
	android:windowSoftInputMode
		ADDED from superwechat\superwechat\AndroidManifest.xml:322:13-64
	android:theme
		ADDED from superwechat\superwechat\AndroidManifest.xml:321:13-52
	android:name
		ADDED from superwechat\superwechat\AndroidManifest.xml:319:13-85
activity#com.alipay.sdk.app.H5PayActivity
ADDED from superwechat\superwechat\AndroidManifest.xml:324:9-329:70
	android:screenOrientation
		ADDED from superwechat\superwechat\AndroidManifest.xml:328:13-47
	android:exported
		ADDED from superwechat\superwechat\AndroidManifest.xml:327:13-37
	android:windowSoftInputMode
		ADDED from superwechat\superwechat\AndroidManifest.xml:329:13-67
	android:configChanges
		ADDED from superwechat\superwechat\AndroidManifest.xml:326:13-85
	android:name
		ADDED from superwechat\superwechat\AndroidManifest.xml:325:13-60
activity#com.easemob.redpacketui.ui.activity.RPTransferActivity
ADDED from superwechat\superwechat\AndroidManifest.xml:331:9-335:68
	android:screenOrientation
		ADDED from superwechat\superwechat\AndroidManifest.xml:333:13-49
	android:windowSoftInputMode
		ADDED from superwechat\superwechat\AndroidManifest.xml:335:13-65
	android:theme
		ADDED from superwechat\superwechat\AndroidManifest.xml:334:13-52
	android:name
		ADDED from superwechat\superwechat\AndroidManifest.xml:332:13-82
activity#com.easemob.redpacketui.ui.activity.RPTransferDetailActivity